2025-05-17 16:39:39,937 - MADD - INFO - Dataset: alz_ds_500
2025-05-17 16:39:39,937 - Dataset: alz_ds_500
2025-05-17 16:39:39,937 - MADD - INFO - Target: docking_score
2025-05-17 16:39:39,937 - Target: docking_score
2025-05-17 16:39:39,937 - MADD - INFO - Task: regression
2025-05-17 16:39:39,937 - Task: regression
2025-05-17 16:39:39,937 - MADD - INFO - Data path: C:\Users\user\Desktop\madd_automl\data\500k_alz\alz_ds_500_final_1024.csv
2025-05-17 16:39:39,937 - Data path: C:\Users\user\Desktop\madd_automl\data\500k_alz\alz_ds_500_final_1024.csv
2025-05-17 16:39:39,937 - MADD - INFO - Save path: logs\alz_ds_500
2025-05-17 16:39:39,937 - Save path: logs\alz_ds_500
2025-05-17 16:39:51,197 - MADD - INFO - ==================================================
2025-05-17 16:39:51,197 - ==================================================
2025-05-17 18:03:05,201 - ApiComposer - Initial pipeline was fitted in 4528.6 sec.
2025-05-17 18:03:05,213 - ApiComposer - Taking into account n_folds=5, estimated fit time for initial assumption is 22643.0 sec.
2025-05-17 18:03:05,213 - AssumptionsHandler - Preset was changed to fast_train due to fit time estimation for initial model.
2025-05-17 18:03:05,401 - ApiComposer - AutoML configured. Parameters tuning: True. Time limit: 1200 min. Set of candidate models: ['adareg', 'dtreg', 'knnreg', 'lasso', 'linear', 'normalization', 'pca', 'ransac_lin_reg', 'rfr', 'ridge', 'scaling', 'sgdr'].
2025-05-17 18:03:05,417 - ApiComposer - Timeout is too small for composing and is skipped because fit_time is 22642.951675 sec.
2025-05-17 18:03:05,432 - ApiComposer - Hyperparameters tuning started with 1125 min. timeout
2025-05-17 19:37:50,542 - SimultaneousTuner - Initial graph: {'depth': 2, 'length': 2, 'nodes': [rfr, scaling]}
rfr - {'n_jobs': 16}
scaling - {} 
Initial metric: [0.86]
  0%|          | 0/100000 [00:00<?, ?trial/s, best loss=?]  0%|          | 1/100000 [1:01:52<103130:52:41, 3712.75s/trial, best loss: 0.8834865123733897]  0%|          | 2/100000 [2:22:49<121830:10:11, 4385.97s/trial, best loss: 0.8655096502823074]  0%|          | 3/100000 [3:15:11<106043:09:25, 3817.67s/trial, best loss: 0.8655096502823074]  0%|          | 4/100000 [5:27:44<151391:59:16, 5450.33s/trial, best loss: 0.8655096502823074]  0%|          | 5/100000 [7:07:17<156625:35:03, 5638.80s/trial, best loss: 0.84415239022933]    0%|          | 6/100000 [8:07:07<137273:35:52, 4942.15s/trial, best loss: 0.84415239022933]  0%|          | 7/100000 [8:51:10<116396:08:14, 4190.55s/trial, best loss: 0.84415239022933]  0%|          | 8/100000 [10:57:59<146618:46:28, 5278.70s/trial, best loss: 0.84415239022933]  0%|          | 9/100000 [12:14:53<140848:47:39, 5071.01s/trial, best loss: 0.84415239022933]  0%|          | 10/100000 [13:29:23<135694:50:51, 4885.50s/trial, best loss: 0.84415239022933]  0%|          | 11/100000 [14:32:30<126357:44:43, 4549.38s/trial, best loss: 0.84415239022933]  0%|          | 12/100000 [16:43:51<154506:26:34, 5562.90s/trial, best loss: 0.84415239022933]  0%|          | 13/100000 [17:32:56<132477:10:25, 4769.80s/trial, best loss: 0.84415239022933]  0%|          | 13/100000 [17:32:56<134975:24:15, 4859.75s/trial, best loss: 0.84415239022933]
2025-05-18 14:47:03,928 - SimultaneousTuner - Final graph: {'depth': 2, 'length': 2, 'nodes': [rfr, scaling]}
rfr - {'n_jobs': 16, 'bootstrap': False, 'max_features': 0.5704410951750322, 'min_samples_leaf': 2, 'min_samples_split': 18}
scaling - {}
2025-05-18 14:47:03,943 - SimultaneousTuner - Final metric: 0.844
2025-05-18 14:47:03,959 - ApiComposer - Hyperparameters tuning finished
2025-05-18 14:47:04,179 - ApiComposer - Model generation finished
2025-05-18 15:13:09,472 - FEDOT logger - Final pipeline was fitted
2025-05-18 15:13:09,472 - FEDOT logger - Final pipeline: {'depth': 2, 'length': 2, 'nodes': [rfr, scaling]}
rfr - {'n_jobs': 16, 'bootstrap': False, 'max_features': 0.5704410951750322, 'min_samples_leaf': 2, 'min_samples_split': 18}
scaling - {}
2025-05-18 15:13:18,678 - MADD - INFO - Model graph description:
{'depth': 2, 'length': 2, 'nodes': [rfr, scaling]}
2025-05-18 15:13:20,242 - MADD - INFO - MAE score: 0.8322492738813585
2025-05-18 15:13:20,242 - MADD - INFO - MSE score: 1.5556121226553263
2025-05-18 15:13:20,242 - MADD - INFO - R2 score: 0.44437820229257696
2025-05-18 15:13:20,602 - MADD - INFO - Pipeline saved to logs\alz_ds_500

2025-05-18 15:13:20,602 - MADD - INFO - ==================================================
